------------------------------------------
🚀 Starting Deployment for gcp-razor-app
------------------------------------------
🧹 Cleaning up old build files...
📦 Building and shipping to Cloud Run...
Building using Dockerfile and deploying container to Cloud Run service [gcp-razor-app] in project [machine-learning-416604] region [us-central1]
Building and deploying...
Validating configuration........done
Uploading sources.......done
Building Container....................................................................................................................................................................................................................................................................................................................................................................................................................................................................................................................................done
Setting IAM Policy...........done
Creating Revision.......................................................................done
Routing traffic.....done
Done.
Service [gcp-razor-app] revision [gcp-razor-app-00017-6ks] has been deployed and is serving 100 percent of traffic.
Service URL: https://gcp-razor-app-859425157723.us-central1.run.app
------------------------------------------
✅ SUCCESS! Your app is live at:
https://gcp-razor-app-gnw3fttryq-uc.a.run.app
------------------------------------------
